Release 14.7 - xst P.20131013 (nt)
Copyright (c) 1995-2013 Xilinx, Inc.  All rights reserved.
--> Parameter TMPDIR set to xst/projnav.tmp


Total REAL time to Xst completion: 0.00 secs
Total CPU time to Xst completion: 0.16 secs
 
--> Parameter xsthdpdir set to xst


Total REAL time to Xst completion: 0.00 secs
Total CPU time to Xst completion: 0.16 secs
 
--> Reading design: tow.prj

TABLE OF CONTENTS
  1) Synthesis Options Summary
  2) HDL Parsing
  3) HDL Elaboration
  4) HDL Synthesis
       4.1) HDL Synthesis Report
  5) Advanced HDL Synthesis
       5.1) Advanced HDL Synthesis Report
  6) Low Level Synthesis
  7) Partition Report
  8) Design Summary
       8.1) Primitive and Black Box Usage
       8.2) Device utilization summary
       8.3) Partition Resource Summary
       8.4) Timing Report
            8.4.1) Clock Information
            8.4.2) Asynchronous Control Signals Information
            8.4.3) Timing Summary
            8.4.4) Timing Details
            8.4.5) Cross Clock Domains Report


=========================================================================
*                      Synthesis Options Summary                        *
=========================================================================
---- Source Parameters
Input File Name                    : "tow.prj"
Ignore Synthesis Constraint File   : NO

---- Target Parameters
Output File Name                   : "tow"
Output Format                      : NGC
Target Device                      : xc6slx45-3-csg324

---- Source Options
Top Module Name                    : tow
Automatic FSM Extraction           : YES
FSM Encoding Algorithm             : Auto
Safe Implementation                : No
FSM Style                          : LUT
RAM Extraction                     : Yes
RAM Style                          : Auto
ROM Extraction                     : Yes
Shift Register Extraction          : YES
ROM Style                          : Auto
Resource Sharing                   : YES
Asynchronous To Synchronous        : NO
Shift Register Minimum Size        : 2
Use DSP Block                      : Auto
Automatic Register Balancing       : No

---- Target Options
LUT Combining                      : Auto
Reduce Control Sets                : Auto
Add IO Buffers                     : YES
Global Maximum Fanout              : 100000
Add Generic Clock Buffer(BUFG)     : 16
Register Duplication               : YES
Optimize Instantiated Primitives   : NO
Use Clock Enable                   : Auto
Use Synchronous Set                : Auto
Use Synchronous Reset              : Auto
Pack IO Registers into IOBs        : Auto
Equivalent register Removal        : YES

---- General Options
Optimization Goal                  : Speed
Optimization Effort                : 1
Power Reduction                    : NO
Keep Hierarchy                     : No
Netlist Hierarchy                  : As_Optimized
RTL Output                         : Yes
Global Optimization                : AllClockNets
Read Cores                         : YES
Write Timing Constraints           : NO
Cross Clock Analysis               : NO
Hierarchy Separator                : /
Bus Delimiter                      : <>
Case Specifier                     : Maintain
Slice Utilization Ratio            : 100
BRAM Utilization Ratio             : 100
DSP48 Utilization Ratio            : 100
Auto BRAM Packing                  : NO
Slice Utilization Ratio Delta      : 5

=========================================================================


=========================================================================
*                          HDL Parsing                                  *
=========================================================================
Analyzing Verilog file "\\ugradfs\anthonynauth\win\ELEC3500\ToW\RSLatch.v" into library work
Parsing module <RSLatch>.
Analyzing Verilog file "\\ugradfs\anthonynauth\win\ELEC3500\ToW\Synchronizer.v" into library work
Parsing module <Synchronizer>.
Analyzing Verilog file "\\ugradfs\anthonynauth\win\ELEC3500\ToW\scorer_template.v" into library work
Parsing module <scorer>.
Analyzing Verilog file "\\ugradfs\anthonynauth\win\ELEC3500\ToW\PBL.v" into library work
Parsing module <PBL>.
Analyzing Verilog file "\\ugradfs\anthonynauth\win\ELEC3500\ToW\OPP.v" into library work
Parsing module <OPP>.
Analyzing Verilog file "\\ugradfs\anthonynauth\win\ELEC3500\ToW\MC.v" into library work
Parsing module <MC>.
Analyzing Verilog file "\\ugradfs\anthonynauth\win\ELEC3500\ToW\LFSR.v" into library work
Parsing module <LFSR>.
Analyzing Verilog file "\\ugradfs\anthonynauth\win\ELEC3500\ToW\ledmux.v" into library work
Parsing module <ledmux>.
Analyzing Verilog file "\\ugradfs\anthonynauth\win\ELEC3500\ToW\div256.v" into library work
Parsing module <div256>.
Analyzing Verilog file "\\ugradfs\anthonynauth\win\ELEC3500\ToW\clk_div.v" into library work
Parsing module <clk_div>.
Analyzing Verilog file "\\ugradfs\anthonynauth\win\ELEC3500\ToW\tow.v" into library work
Parsing module <tow>.

=========================================================================
*                            HDL Elaboration                            *
=========================================================================

Elaborating module <tow>.

Elaborating module <clk_div>.

Elaborating module <PBL>.

Elaborating module <RSLatch>.

Elaborating module <Synchronizer>.

Elaborating module <OPP>.

Elaborating module <scorer>.

Elaborating module <ledmux>.

Elaborating module <div256>.
WARNING:HDLCompiler:413 - "\\ugradfs\anthonynauth\win\ELEC3500\ToW\div256.v" Line 30: Result of 9-bit expression is truncated to fit in 8-bit target.

Elaborating module <LFSR>.

Elaborating module <MC>.

=========================================================================
*                           HDL Synthesis                               *
=========================================================================

Synthesizing Unit <tow>.
    Related source file is "\\ugradfs\anthonynauth\win\ELEC3500\ToW\tow.v".
    Summary:
	no macro.
Unit <tow> synthesized.

Synthesizing Unit <clk_div>.
    Related source file is "\\ugradfs\anthonynauth\win\ELEC3500\ToW\clk_div.v".
        sys_clk = 100000000
        clk_out = 500
        max = 100000
    Found 23-bit register for signal <counter>.
    Found 1-bit register for signal <clk>.
    Found 23-bit adder for signal <counter[22]_GND_2_o_add_1_OUT> created at line 48.
    Summary:
	inferred   1 Adder/Subtractor(s).
	inferred  24 D-type flip-flop(s).
	inferred   1 Multiplexer(s).
Unit <clk_div> synthesized.

Synthesizing Unit <PBL>.
    Related source file is "\\ugradfs\anthonynauth\win\ELEC3500\ToW\PBL.v".
    Summary:
	no macro.
Unit <PBL> synthesized.

Synthesizing Unit <RSLatch>.
    Related source file is "\\ugradfs\anthonynauth\win\ELEC3500\ToW\RSLatch.v".
    Summary:
	no macro.
Unit <RSLatch> synthesized.

Synthesizing Unit <Synchronizer>.
    Related source file is "\\ugradfs\anthonynauth\win\ELEC3500\ToW\Synchronizer.v".
    Found 1-bit register for signal <regsypush>.
    Summary:
	inferred   1 D-type flip-flop(s).
Unit <Synchronizer> synthesized.

Synthesizing Unit <OPP>.
    Related source file is "\\ugradfs\anthonynauth\win\ELEC3500\ToW\OPP.v".
    Found 1-bit register for signal <regwinrnd>.
    Summary:
	inferred   1 D-type flip-flop(s).
Unit <OPP> synthesized.

Synthesizing Unit <scorer>.
    Related source file is "\\ugradfs\anthonynauth\win\ELEC3500\ToW\scorer_template.v".
    Found 4-bit register for signal <state>.
INFO:Xst:1799 - State 0000 is never reached in FSM <state>.
    Found finite state machine <FSM_0> for signal <state>.
    -----------------------------------------------------------------------
    | States             | 10                                             |
    | Transitions        | 32                                             |
    | Inputs             | 4                                              |
    | Outputs            | 7                                              |
    | Clock              | clk (rising_edge)                              |
    | Reset              | rst (positive)                                 |
    | Reset type         | asynchronous                                   |
    | Reset State        | 0101                                           |
    | Encoding           | auto                                           |
    | Implementation     | LUT                                            |
    -----------------------------------------------------------------------
    Summary:
	inferred   1 Finite State Machine(s).
Unit <scorer> synthesized.

Synthesizing Unit <ledmux>.
    Related source file is "\\ugradfs\anthonynauth\win\ELEC3500\ToW\ledmux.v".
    Summary:
	no macro.
Unit <ledmux> synthesized.

Synthesizing Unit <div256>.
    Related source file is "\\ugradfs\anthonynauth\win\ELEC3500\ToW\div256.v".
    Found 8-bit register for signal <count>.
    Found 8-bit adder for signal <count[7]_GND_11_o_add_0_OUT> created at line 30.
    Summary:
	inferred   1 Adder/Subtractor(s).
	inferred   8 D-type flip-flop(s).
Unit <div256> synthesized.

Synthesizing Unit <LFSR>.
    Related source file is "\\ugradfs\anthonynauth\win\ELEC3500\ToW\LFSR.v".
    Found 10-bit register for signal <lfsr>.
    Summary:
	inferred  10 D-type flip-flop(s).
Unit <LFSR> synthesized.

Synthesizing Unit <MC>.
    Related source file is "\\ugradfs\anthonynauth\win\ELEC3500\ToW\MC.v".
    Found 3-bit register for signal <state>.
    Found finite state machine <FSM_1> for signal <state>.
    -----------------------------------------------------------------------
    | States             | 7                                              |
    | Transitions        | 16                                             |
    | Inputs             | 4                                              |
    | Outputs            | 4                                              |
    | Clock              | clk (rising_edge)                              |
    | Reset              | rst (positive)                                 |
    | Reset type         | asynchronous                                   |
    | Reset State        | 000                                            |
    | Encoding           | auto                                           |
    | Implementation     | LUT                                            |
    -----------------------------------------------------------------------
    Summary:
	inferred   1 Finite State Machine(s).
Unit <MC> synthesized.

=========================================================================
HDL Synthesis Report

Macro Statistics
# Adders/Subtractors                                   : 2
 23-bit adder                                          : 1
 8-bit adder                                           : 1
# Registers                                            : 6
 1-bit register                                        : 3
 10-bit register                                       : 1
 23-bit register                                       : 1
 8-bit register                                        : 1
# Multiplexers                                         : 1
 23-bit 2-to-1 multiplexer                             : 1
# FSMs                                                 : 2
# Xors                                                 : 1
 1-bit xor2                                            : 1

=========================================================================

=========================================================================
*                       Advanced HDL Synthesis                          *
=========================================================================


Synthesizing (advanced) Unit <clk_div>.
The following registers are absorbed into counter <counter>: 1 register on signal <counter>.
Unit <clk_div> synthesized (advanced).

Synthesizing (advanced) Unit <div256>.
The following registers are absorbed into counter <count>: 1 register on signal <count>.
Unit <div256> synthesized (advanced).

=========================================================================
Advanced HDL Synthesis Report

Macro Statistics
# Counters                                             : 2
 23-bit up counter                                     : 1
 8-bit up counter                                      : 1
# Registers                                            : 13
 Flip-Flops                                            : 13
# FSMs                                                 : 2
# Xors                                                 : 1
 1-bit xor2                                            : 1

=========================================================================

=========================================================================
*                         Low Level Synthesis                           *
=========================================================================
Analyzing FSM <MFsm> for best encoding.
Optimizing FSM <FSM_1> on signal <state[1:3]> with gray encoding.
-------------------
 State | Encoding
-------------------
 000   | 000
 001   | 001
 010   | 011
 011   | 010
 100   | 110
 101   | 111
 110   | 101
-------------------
Analyzing FSM <MFsm> for best encoding.
Optimizing FSM <FSM_0> on signal <state[1:4]> with gray encoding.
-------------------
 State | Encoding
-------------------
 0101  | 0000
 0000  | unreached
 0001  | 0001
 0011  | 0011
 0100  | 0010
 0010  | 0110
 0110  | 0111
 0111  | 0101
 1000  | 0100
 1001  | 1100
-------------------
WARNING:Xst:2170 - Unit tow : the following signal(s) form a combinatorial loop: right.
WARNING:Xst:2170 - Unit tow : the following signal(s) form a combinatorial loop: pushbuttonlatch/ql.

Optimizing unit <tow> ...

Optimizing unit <LFSR> ...
WARNING:Xst:1293 - FF/Latch <createCLKdivide/counter_17> has a constant value of 0 in block <tow>. This FF/Latch will be trimmed during the optimization process.
WARNING:Xst:1896 - Due to other FF/Latch trimming, FF/Latch <createCLKdivide/counter_18> has a constant value of 0 in block <tow>. This FF/Latch will be trimmed during the optimization process.
WARNING:Xst:1896 - Due to other FF/Latch trimming, FF/Latch <createCLKdivide/counter_19> has a constant value of 0 in block <tow>. This FF/Latch will be trimmed during the optimization process.
WARNING:Xst:1896 - Due to other FF/Latch trimming, FF/Latch <createCLKdivide/counter_20> has a constant value of 0 in block <tow>. This FF/Latch will be trimmed during the optimization process.
WARNING:Xst:1896 - Due to other FF/Latch trimming, FF/Latch <createCLKdivide/counter_21> has a constant value of 0 in block <tow>. This FF/Latch will be trimmed during the optimization process.
WARNING:Xst:1896 - Due to other FF/Latch trimming, FF/Latch <createCLKdivide/counter_22> has a constant value of 0 in block <tow>. This FF/Latch will be trimmed during the optimization process.

Mapping all equations...
Building and optimizing final netlist ...
Found area constraint ratio of 100 (+ 5) on block tow, actual ratio is 0.

Final Macro Processing ...

Processing Unit <tow> :
	Found 6-bit shift register for signal <random/lfsr_3>.
Unit <tow> processed.

=========================================================================
Final Register Report

Macro Statistics
# Registers                                            : 39
 Flip-Flops                                            : 39
# Shift Registers                                      : 1
 6-bit shift register                                  : 1

=========================================================================

=========================================================================
*                           Partition Report                            *
=========================================================================

Partition Implementation Status
-------------------------------

  No Partitions were found in this design.

-------------------------------

=========================================================================
*                            Design Summary                             *
=========================================================================

Top Level Output File Name         : tow.ngc

Primitive and Black Box Usage:
------------------------------
# BELS                             : 133
#      GND                         : 1
#      INV                         : 2
#      LUT1                        : 23
#      LUT2                        : 6
#      LUT3                        : 3
#      LUT4                        : 24
#      LUT5                        : 3
#      LUT6                        : 22
#      MUXCY                       : 23
#      VCC                         : 1
#      XORCY                       : 25
# FlipFlops/Latches                : 46
#      FDC                         : 37
#      FDCE                        : 6
#      FDE                         : 1
#      FDP                         : 2
# Shift Registers                  : 1
#      SRLC16E                     : 1
# Clock Buffers                    : 1
#      BUFGP                       : 1
# IO Buffers                       : 10
#      IBUF                        : 3
#      OBUF                        : 7

Device utilization summary:
---------------------------

Selected Device : 6slx45csg324-3 


Slice Logic Utilization: 
 Number of Slice Registers:              46  out of  54576     0%  
 Number of Slice LUTs:                   84  out of  27288     0%  
    Number used as Logic:                83  out of  27288     0%  
    Number used as Memory:                1  out of   6408     0%  
       Number used as SRL:                1

Slice Logic Distribution: 
 Number of LUT Flip Flop pairs used:     92
   Number with an unused Flip Flop:      46  out of     92    50%  
   Number with an unused LUT:             8  out of     92     8%  
   Number of fully used LUT-FF pairs:    38  out of     92    41%  
   Number of unique control sets:         5

IO Utilization: 
 Number of IOs:                          11
 Number of bonded IOBs:                  11  out of    218     5%  

Specific Feature Utilization:
 Number of BUFG/BUFGCTRLs:                1  out of     16     6%  

---------------------------
Partition Resource Summary:
---------------------------

  No Partitions were found in this design.

---------------------------


=========================================================================
Timing Report

NOTE: THESE TIMING NUMBERS ARE ONLY A SYNTHESIS ESTIMATE.
      FOR ACCURATE TIMING INFORMATION PLEASE REFER TO THE TRACE REPORT
      GENERATED AFTER PLACE-and-ROUTE.

Clock Information:
------------------
-----------------------------------+------------------------+-------+
Clock Signal                       | Clock buffer(FF name)  | Load  |
-----------------------------------+------------------------+-------+
createCLKdivide/clk                | NONE(sync/regsypush)   | 17    |
CLK_I                              | BUFGP                  | 18    |
slowenable(createSlow/out:O)       | NONE(*)(random/lfsr_9) | 12    |
-----------------------------------+------------------------+-------+
(*) This 1 clock signal(s) are generated by combinatorial logic,
and XST is not able to identify which are the primary clock signals.
Please use the CLOCK_SIGNAL constraint to specify the clock signal(s) generated by combinatorial logic.
INFO:Xst:2169 - HDL ADVISOR - Some clock signals were not automatically buffered by XST with BUFG/BUFR resources. Please use the buffer_type constraint in order to insert these buffers to the clock signals to help prevent skew problems.

Asynchronous Control Signals Information:
----------------------------------------
No asynchronous control signals found in this design

Timing Summary:
---------------
Speed Grade: -3

   Minimum period: 5.243ns (Maximum Frequency: 190.718MHz)
   Minimum input arrival time before clock: 6.507ns
   Maximum output required time after clock: 5.172ns
   Maximum combinational path delay: No path found

Timing Details:
---------------
All values displayed in nanoseconds (ns)

=========================================================================
Timing constraint: Default period analysis for Clock 'createCLKdivide/clk'
  Clock period: 5.243ns (frequency: 190.718MHz)
  Total number of paths / destination ports: 192 / 17
-------------------------------------------------------------------------
Delay:               5.243ns (Levels of Logic = 4)
  Source:            masterController/state_FSM_FFd3 (FF)
  Destination:       Scorer/state_FSM_FFd4 (FF)
  Source Clock:      createCLKdivide/clk rising
  Destination Clock: createCLKdivide/clk rising

  Data Path: masterController/state_FSM_FFd3 to Scorer/state_FSM_FFd4
                                Gate     Net
    Cell:in->out      fanout   Delay   Delay  Logical Name (Net Name)
    ----------------------------------------  ------------
     FDC:C->Q             13   0.447   1.277  masterController/state_FSM_FFd3 (masterController/state_FSM_FFd3)
     LUT6:I1->O           11   0.203   0.987  pushbuttonlatch/latchR/q1 (right)
     LUT6:I4->O            9   0.203   0.934  pushbuttonlatch/latchL/q1 (pushbuttonlatch/ql)
     LUT6:I4->O            1   0.203   0.684  Scorer/state_FSM_FFd4-In1 (Scorer/state_FSM_FFd4-In1)
     LUT6:I4->O            1   0.203   0.000  Scorer/state_FSM_FFd4-In3 (Scorer/state_FSM_FFd4-In)
     FDC:D                     0.102          Scorer/state_FSM_FFd4
    ----------------------------------------
    Total                      5.243ns (1.361ns logic, 3.882ns route)
                                       (26.0% logic, 74.0% route)

=========================================================================
Timing constraint: Default period analysis for Clock 'CLK_I'
  Clock period: 3.216ns (frequency: 310.931MHz)
  Total number of paths / destination ports: 460 / 18
-------------------------------------------------------------------------
Delay:               3.216ns (Levels of Logic = 2)
  Source:            createCLKdivide/counter_7 (FF)
  Destination:       createCLKdivide/counter_0 (FF)
  Source Clock:      CLK_I rising
  Destination Clock: CLK_I rising

  Data Path: createCLKdivide/counter_7 to createCLKdivide/counter_0
                                Gate     Net
    Cell:in->out      fanout   Delay   Delay  Logical Name (Net Name)
    ----------------------------------------  ------------
     FDC:C->Q              2   0.447   0.981  createCLKdivide/counter_7 (createCLKdivide/counter_7)
     LUT6:I0->O           18   0.203   1.278  createCLKdivide/GND_2_o_GND_2_o_equal_1_o<22>1 (createCLKdivide/GND_2_o_GND_2_o_equal_1_o<22>)
     LUT4:I1->O            1   0.205   0.000  createCLKdivide/Mcount_counter_eqn_161 (createCLKdivide/Mcount_counter_eqn_16)
     FDC:D                     0.102          createCLKdivide/counter_16
    ----------------------------------------
    Total                      3.216ns (0.957ns logic, 2.259ns route)
                                       (29.8% logic, 70.2% route)

=========================================================================
Timing constraint: Default period analysis for Clock 'slowenable'
  Clock period: 1.436ns (frequency: 696.452MHz)
  Total number of paths / destination ports: 13 / 11
-------------------------------------------------------------------------
Delay:               1.436ns (Levels of Logic = 1)
  Source:            random/lfsr_0 (FF)
  Destination:       random/lfsr_9 (FF)
  Source Clock:      slowenable rising
  Destination Clock: slowenable rising

  Data Path: random/lfsr_0 to random/lfsr_9
                                Gate     Net
    Cell:in->out      fanout   Delay   Delay  Logical Name (Net Name)
    ----------------------------------------  ------------
     FDP:C->Q              1   0.447   0.684  random/lfsr_0 (random/lfsr_0)
     LUT2:I0->O            1   0.203   0.000  random/Mxor_lfsr[0]_lfsr[3]_XOR_33_o_xo<0>1 (random/lfsr[0]_lfsr[3]_XOR_33_o)
     FDC:D                     0.102          random/lfsr_9
    ----------------------------------------
    Total                      1.436ns (0.752ns logic, 0.684ns route)
                                       (52.4% logic, 47.6% route)

=========================================================================
Timing constraint: Default OFFSET IN BEFORE for Clock 'createCLKdivide/clk'
  Total number of paths / destination ports: 64 / 23
-------------------------------------------------------------------------
Offset:              6.507ns (Levels of Logic = 5)
  Source:            rst (PAD)
  Destination:       Scorer/state_FSM_FFd4 (FF)
  Destination Clock: createCLKdivide/clk rising

  Data Path: rst to Scorer/state_FSM_FFd4
                                Gate     Net
    Cell:in->out      fanout   Delay   Delay  Logical Name (Net Name)
    ----------------------------------------  ------------
     IBUF:I->O            48   1.222   1.767  rst_IBUF (rst_IBUF)
     LUT6:I2->O           11   0.203   0.987  pushbuttonlatch/latchR/q1 (right)
     LUT6:I4->O            9   0.203   0.934  pushbuttonlatch/latchL/q1 (pushbuttonlatch/ql)
     LUT6:I4->O            1   0.203   0.684  Scorer/state_FSM_FFd4-In1 (Scorer/state_FSM_FFd4-In1)
     LUT6:I4->O            1   0.203   0.000  Scorer/state_FSM_FFd4-In3 (Scorer/state_FSM_FFd4-In)
     FDC:D                     0.102          Scorer/state_FSM_FFd4
    ----------------------------------------
    Total                      6.507ns (2.136ns logic, 4.371ns route)
                                       (32.8% logic, 67.2% route)

=========================================================================
Timing constraint: Default OFFSET IN BEFORE for Clock 'CLK_I'
  Total number of paths / destination ports: 18 / 18
-------------------------------------------------------------------------
Offset:              3.171ns (Levels of Logic = 1)
  Source:            rst (PAD)
  Destination:       createCLKdivide/counter_0 (FF)
  Destination Clock: CLK_I rising

  Data Path: rst to createCLKdivide/counter_0
                                Gate     Net
    Cell:in->out      fanout   Delay   Delay  Logical Name (Net Name)
    ----------------------------------------  ------------
     IBUF:I->O            48   1.222   1.519  rst_IBUF (rst_IBUF)
     FDC:CLR                   0.430          createCLKdivide/counter_0
    ----------------------------------------
    Total                      3.171ns (1.652ns logic, 1.519ns route)
                                       (52.1% logic, 47.9% route)

=========================================================================
Timing constraint: Default OFFSET IN BEFORE for Clock 'slowenable'
  Total number of paths / destination ports: 10 / 10
-------------------------------------------------------------------------
Offset:              3.171ns (Levels of Logic = 1)
  Source:            rst (PAD)
  Destination:       random/lfsr_9 (FF)
  Destination Clock: slowenable rising

  Data Path: rst to random/lfsr_9
                                Gate     Net
    Cell:in->out      fanout   Delay   Delay  Logical Name (Net Name)
    ----------------------------------------  ------------
     IBUF:I->O            48   1.222   1.519  rst_IBUF (rst_IBUF)
     FDP:PRE                   0.430          random/lfsr_0
    ----------------------------------------
    Total                      3.171ns (1.652ns logic, 1.519ns route)
                                       (52.1% logic, 47.9% route)

=========================================================================
Timing constraint: Default OFFSET OUT AFTER for Clock 'createCLKdivide/clk'
  Total number of paths / destination ports: 39 / 7
-------------------------------------------------------------------------
Offset:              5.172ns (Levels of Logic = 2)
  Source:            Scorer/state_FSM_FFd2 (FF)
  Destination:       Led<2> (PAD)
  Source Clock:      createCLKdivide/clk rising

  Data Path: Scorer/state_FSM_FFd2 to Led<2>
                                Gate     Net
    Cell:in->out      fanout   Delay   Delay  Logical Name (Net Name)
    ----------------------------------------  ------------
     FDC:C->Q             17   0.447   1.372  Scorer/state_FSM_FFd2 (Scorer/state_FSM_FFd2)
     LUT6:I1->O            1   0.203   0.579  LED_MUX/leds_out_reg<5>1 (Led_2_OBUF)
     OBUF:I->O                 2.571          Led_2_OBUF (Led<2>)
    ----------------------------------------
    Total                      5.172ns (3.221ns logic, 1.951ns route)
                                       (62.3% logic, 37.7% route)

=========================================================================

Cross Clock Domains Report:
--------------------------

Clock to Setup on destination clock CLK_I
---------------+---------+---------+---------+---------+
               | Src:Rise| Src:Fall| Src:Rise| Src:Fall|
Source Clock   |Dest:Rise|Dest:Rise|Dest:Fall|Dest:Fall|
---------------+---------+---------+---------+---------+
CLK_I          |    3.216|         |         |         |
---------------+---------+---------+---------+---------+

Clock to Setup on destination clock createCLKdivide/clk
-------------------+---------+---------+---------+---------+
                   | Src:Rise| Src:Fall| Src:Rise| Src:Fall|
Source Clock       |Dest:Rise|Dest:Rise|Dest:Fall|Dest:Fall|
-------------------+---------+---------+---------+---------+
createCLKdivide/clk|    5.243|         |         |         |
slowenable         |    1.616|         |         |         |
-------------------+---------+---------+---------+---------+

Clock to Setup on destination clock slowenable
---------------+---------+---------+---------+---------+
               | Src:Rise| Src:Fall| Src:Rise| Src:Fall|
Source Clock   |Dest:Rise|Dest:Rise|Dest:Fall|Dest:Fall|
---------------+---------+---------+---------+---------+
slowenable     |    1.436|         |         |         |
---------------+---------+---------+---------+---------+

=========================================================================


Total REAL time to Xst completion: 5.00 secs
Total CPU time to Xst completion: 4.56 secs
 
--> 

Total memory usage is 272252 kilobytes

Number of errors   :    0 (   0 filtered)
Number of warnings :    9 (   0 filtered)
Number of infos    :    2 (   0 filtered)

